2015/10/22 05:57:37 running from /home/ubuntu/.heroku/heroku-cli
2015/10/22 05:57:38 Setting up node-v4.2.1...
2015/10/22 05:57:44  done
2015/10/22 05:57:44 Installing core plugins heroku-cli-addons, heroku-apps, heroku-fork, heroku-git, heroku-local, heroku-run, heroku-status...
2015/10/22 05:58:08  done
2015/10/22 05:58:08 running from /home/ubuntu/.heroku/heroku-cli
2015/10/22 05:58:08 Email: 
2015/10/22 06:03:48 running from /home/ubuntu/.heroku/heroku-cli
2015/10/22 06:04:20 running from /home/ubuntu/.heroku/heroku-cli
2015/10/22 06:04:53 running from /home/ubuntu/.heroku/heroku-cli
2015/10/22 06:05:26 running from /home/ubuntu/.heroku/heroku-cli
2015/10/22 06:05:26 running from /home/ubuntu/.heroku/heroku-cli
2015/10/22 06:05:26 Email: 
2015/10/22 06:43:22 running from /home/ubuntu/.heroku/heroku-cli
2015/10/22 06:50:58 running from /home/ubuntu/.heroku/heroku-cli
2015/10/22 06:50:58 running from /home/ubuntu/.heroku/heroku-cli
2015/10/22 06:50:58 Email: 
2015/10/22 06:51:16 running from /home/ubuntu/.heroku/heroku-cli
2015/10/22 06:51:16 running from /home/ubuntu/.heroku/heroku-cli
2015/10/22 06:53:03 running from /home/ubuntu/.heroku/heroku-cli
2015/10/22 06:53:03 running from /home/ubuntu/.heroku/heroku-cli
2015/10/22 06:58:14 running from /home/ubuntu/.heroku/heroku-cli
2015/10/22 07:01:07 running from /home/ubuntu/.heroku/heroku-cli
2015/10/22 07:13:11 running from /home/ubuntu/.heroku/heroku-cli
2015/10/22 07:15:07 running from /home/ubuntu/.heroku/heroku-cli
2015/10/22 07:15:15 running from /home/ubuntu/.heroku/heroku-cli
2015/10/22 07:15:28 running from /home/ubuntu/.heroku/heroku-cli
2015/10/22 07:21:10 running from /home/ubuntu/.heroku/heroku-cli
2015/10/22 07:21:10 running from /home/ubuntu/.heroku/heroku-cli
2015/10/22 07:23:10 running from /home/ubuntu/.heroku/heroku-cli
2015/10/22 07:27:19 running from /home/ubuntu/.heroku/heroku-cli
2015/10/22 07:27:19 running from /home/ubuntu/.heroku/heroku-cli
2015/10/22 07:27:19 Email: 
